\BOOKMARK [1][-]{section.1}{EDF-VD}{}% 1
\BOOKMARK [2][-]{subsection.1.1}{Overview}{section.1}% 2
\BOOKMARK [2][-]{subsection.1.2}{Offline Component}{section.1}% 3
\BOOKMARK [2][-]{subsection.1.3}{Online Component}{section.1}% 4
\BOOKMARK [2][-]{subsection.1.4}{Litmus Changes}{section.1}% 5
\BOOKMARK [1][-]{section.2}{Elastic MC}{}% 6
\BOOKMARK [2][-]{subsection.2.1}{Overview}{section.2}% 7
\BOOKMARK [2][-]{subsection.2.2}{Offline Component}{section.2}% 8
\BOOKMARK [2][-]{subsection.2.3}{Online Component}{section.2}% 9
\BOOKMARK [2][-]{subsection.2.4}{Litmus Changes}{section.2}% 10
\BOOKMARK [1][-]{section.3}{Adaptive Mixed Criticality\(AMC\) Scheduling.}{}% 11
\BOOKMARK [2][-]{subsection.3.1}{Overview}{section.3}% 12
\BOOKMARK [2][-]{subsection.3.2}{Offline Component}{section.3}% 13
\BOOKMARK [2][-]{subsection.3.3}{Online Component}{section.3}% 14
\BOOKMARK [2][-]{subsection.3.4}{Litmus Changes}{section.3}% 15
\BOOKMARK [1][-]{section.4}{AMC with Deferred Preemption}{}% 16
\BOOKMARK [2][-]{subsection.4.1}{Overview}{section.4}% 17
\BOOKMARK [2][-]{subsection.4.2}{Offline Component}{section.4}% 18
\BOOKMARK [2][-]{subsection.4.3}{Online Component}{section.4}% 19
\BOOKMARK [2][-]{subsection.4.4}{Litmus Changes}{section.4}% 20
\BOOKMARK [1][-]{section.5}{Bailout Protocol}{}% 21
\BOOKMARK [2][-]{subsection.5.1}{Overview}{section.5}% 22
\BOOKMARK [2][-]{subsection.5.2}{Offline Component}{section.5}% 23
\BOOKMARK [2][-]{subsection.5.3}{Online Component}{section.5}% 24
\BOOKMARK [2][-]{subsection.5.4}{Litmus Changes}{section.5}% 25
\BOOKMARK [1][-]{section.6}{Interference Constraint Graph.}{}% 26
\BOOKMARK [2][-]{subsection.6.1}{Overview}{section.6}% 27
\BOOKMARK [2][-]{subsection.6.2}{Offline Component}{section.6}% 28
\BOOKMARK [2][-]{subsection.6.3}{Online Component}{section.6}% 29
\BOOKMARK [2][-]{subsection.6.4}{Litmus Changes}{section.6}% 30
\BOOKMARK [1][-]{section.7}{Preemption Threshold.}{}% 31
\BOOKMARK [2][-]{subsection.7.1}{Overview}{section.7}% 32
\BOOKMARK [2][-]{subsection.7.2}{Offline Component}{section.7}% 33
\BOOKMARK [2][-]{subsection.7.3}{Online Component}{section.7}% 34
\BOOKMARK [2][-]{subsection.7.4}{Litmus Changes}{section.7}% 35
\BOOKMARK [1][-]{section.8}{Service Adaptation.}{}% 36
\BOOKMARK [2][-]{subsection.8.1}{Overview}{section.8}% 37
\BOOKMARK [2][-]{subsection.8.2}{Offline Component}{section.8}% 38
\BOOKMARK [3][-]{subsubsection.8.2.1}{Demand Bound Function}{subsection.8.2}% 39
\BOOKMARK [3][-]{subsubsection.8.2.2}{Service Reconfiguration.}{subsection.8.2}% 40
\BOOKMARK [2][-]{subsection.8.3}{Online Component}{section.8}% 41
\BOOKMARK [2][-]{subsection.8.4}{Litmus Changes}{section.8}% 42
\BOOKMARK [1][-]{section.9}{Study}{}% 43
\BOOKMARK [2][-]{subsection.9.1}{Design and analysis for Dual Priority Scheduling}{section.9}% 44
\BOOKMARK [3][-]{subsubsection.9.1.1}{Idea}{subsection.9.1}% 45
\BOOKMARK [3][-]{subsubsection.9.1.2}{Offline Component}{subsection.9.1}% 46
\BOOKMARK [3][-]{subsubsection.9.1.3}{Online Component}{subsection.9.1}% 47
\BOOKMARK [3][-]{subsubsection.9.1.4}{Litmus Changes}{subsection.9.1}% 48
\BOOKMARK [3][-]{subsubsection.9.1.5}{Reference}{subsection.9.1}% 49
\BOOKMARK [2][-]{subsection.9.2}{Resource Efficient Isolation Mechanisms in Mixed-Criticality Scheduling}{section.9}% 50
\BOOKMARK [3][-]{subsubsection.9.2.1}{Idea}{subsection.9.2}% 51
\BOOKMARK [3][-]{subsubsection.9.2.2}{Offline Component}{subsection.9.2}% 52
\BOOKMARK [3][-]{subsubsection.9.2.3}{Online Component}{subsection.9.2}% 53
\BOOKMARK [3][-]{subsubsection.9.2.4}{Litmus Changes}{subsection.9.2}% 54
\BOOKMARK [3][-]{subsubsection.9.2.5}{Reference}{subsection.9.2}% 55
\BOOKMARK [1][-]{section.10}{Implementation}{}% 56
\BOOKMARK [1][-]{section.11}{Experiments}{}% 57
\BOOKMARK [1][-]{section.12}{Additional References}{}% 58
\BOOKMARK [2][-]{subsection.12.1}{Design Optimization of Mixed-Criticality Real-Time Embedded Systems}{section.12}% 59
\BOOKMARK [2][-]{subsection.12.2}{Design of an Efficient Ready Queue for Earliest-Deadline-First \(EDF\) Scheduler}{section.12}% 60
\BOOKMARK [3][-]{subsubsection.12.2.1}{Main Idea}{subsection.12.2}% 61
\BOOKMARK [1][-]{section.13}{Experiments and Design}{}% 62
